# JRE version: Java(TM) SE Runtime Environment (21.0.9+7) (build 21.0.9+7-LTS-338)
# Java VM: Java HotSpot(TM) 64-Bit Server VM (21.0.9+7-LTS-338, mixed mode, sharing, tiered, compressed oops, compressed class ptrs, g1 gc, windows-amd64)
GC Precious Log:
 CardTable entry size: 512
 Card Set container configuration: InlinePtr #cards 5 size 8 Array Of Cards #cards 12 size 40 Howl #buckets 4 coarsen threshold 1843 Howl Bitmap #cards 512 size 80 coarsen threshold 460 Card regions per heap region 1 cards per card region 2048
 CPUs: 8 total, 8 available
 Memory: 7971M
 Large Page Support: Disabled
 NUMA Support: Disabled
 Compressed Oops: Enabled (32-bit)
 Heap Region Size: 1M
 Heap Min Capacity: 8M
 Heap Initial Capacity: 126M
 Heap Max Capacity: 1994M
 Pre-touch: Disabled
 Parallel Workers: 8
 Concurrent Workers: 2
 Concurrent Refinement Workers: 8
 Periodic GC: Disabled
Heap:
 garbage-first heap   total 132096K, used 75875K [0x0000000083600000, 0x0000000100000000)
  region size 1024K, 33 young (33792K), 8 survivors (8192K)
 Metaspace       used 87362K, committed 88192K, reserved 1179648K
  class space    used 11254K, committed 11648K, reserved 1048576K
GC Heap History (20 events):
Event: 3.469 GC heap before
{Heap before GC invocations=4 (full 0):
 garbage-first heap   total 138240K, used 26257K [0x0000000083600000, 0x0000000100000000)
  region size 1024K, 9 young (9216K), 8 survivors (8192K)
 Metaspace       used 21233K, committed 21504K, reserved 1114112K
  class space    used 2445K, committed 2560K, reserved 1048576K
}
Event: 3.475 GC heap after
{Heap after GC invocations=5 (full 0):
 garbage-first heap   total 138240K, used 24128K [0x0000000083600000, 0x0000000100000000)
  region size 1024K, 2 young (2048K), 2 survivors (2048K)
 Metaspace       used 21233K, committed 21504K, reserved 1114112K
  class space    used 2445K, committed 2560K, reserved 1048576K
}
Event: 4.297 GC heap before
{Heap before GC invocations=6 (full 0):
 garbage-first heap   total 90112K, used 88640K [0x0000000083600000, 0x0000000100000000)
  region size 1024K, 62 young (63488K), 2 survivors (2048K)
 Metaspace       used 26300K, committed 26688K, reserved 1114112K
  class space    used 2981K, committed 3200K, reserved 1048576K
}
Event: 4.310 GC heap after
{Heap after GC invocations=7 (full 0):
 garbage-first heap   total 109568K, used 45568K [0x0000000083600000, 0x0000000100000000)
  region size 1024K, 9 young (9216K), 9 survivors (9216K)
 Metaspace       used 26300K, committed 26688K, reserved 1114112K
  class space    used 2981K, committed 3200K, reserved 1048576K
}
Event: 4.818 GC heap before
{Heap before GC invocations=7 (full 0):
 garbage-first heap   total 109568K, used 81408K [0x0000000083600000, 0x0000000100000000)
  region size 1024K, 45 young (46080K), 9 survivors (9216K)
 Metaspace       used 28329K, committed 28736K, reserved 1114112K
  class space    used 3192K, committed 3392K, reserved 1048576K
}
Event: 4.826 GC heap after
{Heap after GC invocations=8 (full 0):
 garbage-first heap   total 109568K, used 47104K [0x0000000083600000, 0x0000000100000000)
  region size 1024K, 2 young (2048K), 2 survivors (2048K)
 Metaspace       used 28329K, committed 28736K, reserved 1114112K
  class space    used 3192K, committed 3392K, reserved 1048576K
}
Event: 5.369 GC heap before
{Heap before GC invocations=8 (full 0):
 garbage-first heap   total 109568K, used 84992K [0x0000000083600000, 0x0000000100000000)
  region size 1024K, 39 young (39936K), 2 survivors (2048K)
 Metaspace       used 30043K, committed 30464K, reserved 1114112K
  class space    used 3385K, committed 3584K, reserved 1048576K
}
Event: 5.376 GC heap after
{Heap after GC invocations=9 (full 0):
 garbage-first heap   total 132096K, used 48640K [0x0000000083600000, 0x0000000100000000)
  region size 1024K, 4 young (4096K), 4 survivors (4096K)
 Metaspace       used 30043K, committed 30464K, reserved 1114112K
  class space    used 3385K, committed 3584K, reserved 1048576K
}
Event: 6.050 GC heap before
{Heap before GC invocations=9 (full 0):
 garbage-first heap   total 132096K, used 96768K [0x0000000083600000, 0x0000000100000000)
  region size 1024K, 51 young (52224K), 4 survivors (4096K)
 Metaspace       used 35911K, committed 36416K, reserved 1114112K
  class space    used 4142K, committed 4416K, reserved 1048576K
}
Event: 6.057 GC heap after
{Heap after GC invocations=10 (full 0):
 garbage-first heap   total 132096K, used 55829K [0x0000000083600000, 0x0000000100000000)
  region size 1024K, 8 young (8192K), 8 survivors (8192K)
 Metaspace       used 35911K, committed 36416K, reserved 1114112K
  class space    used 4142K, committed 4416K, reserved 1048576K
}
Event: 6.901 GC heap before
{Heap before GC invocations=11 (full 0):
 garbage-first heap   total 132096K, used 104981K [0x0000000083600000, 0x0000000100000000)
  region size 1024K, 57 young (58368K), 8 survivors (8192K)
 Metaspace       used 47575K, committed 48128K, reserved 1114112K
  class space    used 5664K, committed 5952K, reserved 1048576K
}
Event: 6.908 GC heap after
{Heap after GC invocations=12 (full 0):
 garbage-first heap   total 132096K, used 58333K [0x0000000083600000, 0x0000000100000000)
  region size 1024K, 3 young (3072K), 3 survivors (3072K)
 Metaspace       used 47575K, committed 48128K, reserved 1114112K
  class space    used 5664K, committed 5952K, reserved 1048576K
}
Event: 7.910 GC heap before
{Heap before GC invocations=12 (full 0):
 garbage-first heap   total 132096K, used 110557K [0x0000000083600000, 0x0000000100000000)
  region size 1024K, 54 young (55296K), 3 survivors (3072K)
 Metaspace       used 54675K, committed 55360K, reserved 1114112K
  class space    used 6594K, committed 6912K, reserved 1048576K
}
Event: 7.917 GC heap after
{Heap after GC invocations=13 (full 0):
 garbage-first heap   total 132096K, used 52523K [0x0000000083600000, 0x0000000100000000)
  region size 1024K, 7 young (7168K), 7 survivors (7168K)
 Metaspace       used 54675K, committed 55360K, reserved 1114112K
  class space    used 6594K, committed 6912K, reserved 1048576K
}
Event: 8.543 GC heap before
{Heap before GC invocations=13 (full 0):
 garbage-first heap   total 132096K, used 84267K [0x0000000083600000, 0x0000000100000000)
  region size 1024K, 39 young (39936K), 7 survivors (7168K)
 Metaspace       used 60510K, committed 61120K, reserved 1114112K
  class space    used 7447K, committed 7744K, reserved 1048576K
}
Event: 8.550 GC heap after
{Heap after GC invocations=14 (full 0):
 garbage-first heap   total 132096K, used 54710K [0x0000000083600000, 0x0000000100000000)
  region size 1024K, 2 young (2048K), 2 survivors (2048K)
 Metaspace       used 60510K, committed 61120K, reserved 1114112K
  class space    used 7447K, committed 7744K, reserved 1048576K
}
Event: 9.416 GC heap before
{Heap before GC invocations=15 (full 0):
 garbage-first heap   total 132096K, used 110006K [0x0000000083600000, 0x0000000100000000)
  region size 1024K, 57 young (58368K), 2 survivors (2048K)
 Metaspace       used 73601K, committed 74368K, reserved 1114112K
  class space    used 9252K, committed 9600K, reserved 1048576K
}
Event: 9.421 GC heap after
{Heap after GC invocations=16 (full 0):
 garbage-first heap   total 132096K, used 56099K [0x0000000083600000, 0x0000000100000000)
  region size 1024K, 5 young (5120K), 5 survivors (5120K)
 Metaspace       used 73601K, committed 74368K, reserved 1114112K
  class space    used 9252K, committed 9600K, reserved 1048576K
}
Event: 10.391 GC heap before
{Heap before GC invocations=16 (full 0):
 garbage-first heap   total 132096K, used 113443K [0x0000000083600000, 0x0000000100000000)
  region size 1024K, 61 young (62464K), 5 survivors (5120K)
 Metaspace       used 84204K, committed 84992K, reserved 1179648K
  class space    used 10806K, committed 11200K, reserved 1048576K
}
Event: 10.402 GC heap after
{Heap after GC invocations=17 (full 0):
 garbage-first heap   total 132096K, used 51299K [0x0000000083600000, 0x0000000100000000)
  region size 1024K, 8 young (8192K), 8 survivors (8192K)
 Metaspace       used 84204K, committed 84992K, reserved 1179648K
  class space    used 10806K, committed 11200K, reserved 1048576K
}

